d:\codes\c++\ds\ds\x64\debug\vc143.pdb
d:\codes\c++\ds\ds\x64\debug\vc143.idb
d:\codes\c++\ds\ds\x64\debug\list.obj
d:\codes\c++\ds\ds\x64\debug\linklist.obj
d:\codes\c++\ds\ds\x64\debug\stack.obj
d:\codes\c++\ds\ds\x64\debug\main.obj
d:\codes\c++\ds\ds\x64\debug\checklist.obj
d:\codes\c++\ds\x64\debug\ds.pdb
d:\codes\c++\ds\ds\x64\debug\ds.tlog\cl.command.1.tlog
d:\codes\c++\ds\ds\x64\debug\ds.tlog\cl.read.1.tlog
d:\codes\c++\ds\ds\x64\debug\ds.tlog\cl.write.1.tlog
d:\codes\c++\ds\ds\x64\debug\ds.tlog\link-cvtres.read.1.tlog
d:\codes\c++\ds\ds\x64\debug\ds.tlog\link-cvtres.write.1.tlog
d:\codes\c++\ds\ds\x64\debug\ds.tlog\link-rc.read.1.tlog
d:\codes\c++\ds\ds\x64\debug\ds.tlog\link-rc.write.1.tlog
d:\codes\c++\ds\ds\x64\debug\ds.tlog\link.120712-cvtres.read.1.tlog
d:\codes\c++\ds\ds\x64\debug\ds.tlog\link.120712-cvtres.write.1.tlog
d:\codes\c++\ds\ds\x64\debug\ds.tlog\link.120712-rc.read.1.tlog
d:\codes\c++\ds\ds\x64\debug\ds.tlog\link.120712-rc.write.1.tlog
d:\codes\c++\ds\ds\x64\debug\ds.tlog\link.120712.read.1.tlog
d:\codes\c++\ds\ds\x64\debug\ds.tlog\link.120712.read.3.tlog
d:\codes\c++\ds\ds\x64\debug\ds.tlog\link.120712.write.1.tlog
d:\codes\c++\ds\ds\x64\debug\ds.tlog\link.command.1.tlog
d:\codes\c++\ds\ds\x64\debug\ds.tlog\link.read.1.tlog
d:\codes\c++\ds\ds\x64\debug\ds.tlog\link.read.2.tlog
d:\codes\c++\ds\ds\x64\debug\ds.tlog\link.write.1.tlog
